<?xml version="1.0" encoding="UTF-8"?>
<!-- Generated by org.testng.reporters.JUnitXMLReporter -->
<testsuite ignored="1" hostname="DESKTOP-MLD791A" failures="0" tests="4" name="Default test" time="16.129" errors="0" timestamp="2023-10-01T23:10:47 EET">
  <testcase classname="cases.reg2" name="checking_the_registration_New_account_KSA_Store7" time="4.793"/>
  <testcase classname="cases.reg2" name="checking_the_registration_New_account_KSA_Store7" time="3.192"/>
  <testcase classname="cases.reg2" name="checking_the_registration_New_account_KSA_Store7" time="3.229"/>
  <testcase classname="cases.reg2" name="checking_the_registration_New_account_KSA_Store7" time="2.911"/>
  <testcase classname="cases.reg2" name="checking_the_registration_New_account_KSA_Store2" time="0.0">
    <ignored/>
  </testcase> <!-- checking_the_registration_New_account_KSA_Store2 -->
</testsuite> <!-- Default test -->
