<?xml version="1.0" encoding="UTF-8"?>
<testng-results ignored="1" total="5" passed="4" failed="0" skipped="0">
  <reporter-output>
  </reporter-output>
  <suite started-at="2023-10-01T23:10:30 EET" name="Default suite" finished-at="2023-10-01T23:10:47 EET" duration-ms="16129">
    <groups>
    </groups>
    <test started-at="2023-10-01T23:10:30 EET" name="Default test" finished-at="2023-10-01T23:10:47 EET" duration-ms="16129">
      <class name="cases.reg2">
        <test-method is-config="true" signature="setup()[pri:0, instance:cases.reg2@10683d9d]" started-at="2023-10-01T23:10:30 EET" name="setup" finished-at="2023-10-01T23:10:32 EET" duration-ms="1855" status="PASS">
          <reporter-output>
          </reporter-output>
        </test-method> <!-- setup -->
        <test-method signature="checking_the_registration_New_account_KSA_Store7()[pri:1, instance:cases.reg2@10683d9d]" started-at="2023-10-01T23:10:32 EET" name="checking_the_registration_New_account_KSA_Store7" description="checking the registration-New account" finished-at="2023-10-01T23:10:37 EET" duration-ms="4793" status="PASS">
          <reporter-output>
          </reporter-output>
        </test-method> <!-- checking_the_registration_New_account_KSA_Store7 -->
        <test-method signature="checking_the_registration_New_account_KSA_Store7()[pri:1, instance:cases.reg2@10683d9d]" started-at="2023-10-01T23:10:37 EET" name="checking_the_registration_New_account_KSA_Store7" description="checking the registration-New account" finished-at="2023-10-01T23:10:40 EET" duration-ms="3192" status="PASS">
          <reporter-output>
          </reporter-output>
        </test-method> <!-- checking_the_registration_New_account_KSA_Store7 -->
        <test-method signature="checking_the_registration_New_account_KSA_Store7()[pri:1, instance:cases.reg2@10683d9d]" started-at="2023-10-01T23:10:40 EET" name="checking_the_registration_New_account_KSA_Store7" description="checking the registration-New account" finished-at="2023-10-01T23:10:43 EET" duration-ms="3229" status="PASS">
          <reporter-output>
          </reporter-output>
        </test-method> <!-- checking_the_registration_New_account_KSA_Store7 -->
        <test-method signature="checking_the_registration_New_account_KSA_Store7()[pri:1, instance:cases.reg2@10683d9d]" started-at="2023-10-01T23:10:43 EET" name="checking_the_registration_New_account_KSA_Store7" description="checking the registration-New account" finished-at="2023-10-01T23:10:46 EET" duration-ms="2911" status="PASS">
          <reporter-output>
          </reporter-output>
        </test-method> <!-- checking_the_registration_New_account_KSA_Store7 -->
        <test-method is-config="true" signature="tearDown()[pri:0, instance:cases.reg2@10683d9d]" started-at="2023-10-01T23:10:46 EET" name="tearDown" finished-at="2023-10-01T23:10:47 EET" duration-ms="108" status="PASS">
          <reporter-output>
          </reporter-output>
        </test-method> <!-- tearDown -->
      </class> <!-- cases.reg2 -->
    </test> <!-- Default test -->
  </suite> <!-- Default suite -->
</testng-results>
